Compilación iniciada a las 14/10/2010 20:38:55.
     1>Proyecto "J:\OF\apps\Meus\Minerva\networkTcpClientExample.vcxproj" en el nodo 3 (build destinos).
     1>InitializeBuildStatus:
         Se creará "obj\Release\mierva.unsuccessfulbuild" porque se especificó "AlwaysCreate".
       ClCompile:
         c:\Program Files (x86)\Microsoft Visual Studio 10.0\VC\bin\CL.exe /c /I..\..\..\libs\openFrameworks /I..\..\..\libs\openFrameworks\graphics /I..\..\..\libs\openFrameworks\app /I..\..\..\libs\openFrameworks\sound /I..\..\..\libs\openFrameworks\utils /I..\..\..\libs\openFrameworks\communication /I..\..\..\libs\openFrameworks\video /I..\..\..\libs\openFrameworks\events /I..\..\..\libs\glut\include /I..\..\..\libs\rtAudio\include /I..\..\..\libs\quicktime\include /I..\..\..\libs\freetype\include /I..\..\..\libs\freetype\include\freetype2 /I..\..\..\libs\freeImage\include /I..\..\..\libs\fmodex\include /I..\..\..\libs\videoInput\include /I..\..\..\libs\glee\include /I..\..\..\libs\glu\include /I..\..\..\libs\poco\include /I..\..\..\addons /I..\..\..\addons\ofxNetwork\src /I..\..\..\addons\ofxDirList\src /I..\..\..\addons\ofxObjLoader\src /I..\..\..\addons\ofxOpenCv\src /I..\..\..\addons\ofxOpenCv\libs\opencv\include /I..\..\..\addons\ofxOsc\src /I..\..\..\addons\ofxOsc\libs\oscpack\include\ip /I..\..\..\addons\ofxOsc\libs\oscpack\include\osc /I..\..\..\addons\ofxThread\src /I..\..\..\addons\ofxVectorGraphics\src /I..\..\..\addons\ofxVectorGraphics\libs /I..\..\..\addons\ofxVectorMath\src /I..\..\..\addons\ofxXMLSettings\libs /I..\..\..\addons\ofxXMLSettings\src /I..\..\..\addons\ofx3DModelLoader\src /I..\..\..\addons\ofx3DModelLoader\src\3DS /I..\..\..\addons\ofxGui\src /nologo /W3 /WX- /O2 /Oy- /D WIN32 /D NDEBUG /D _CONSOLE /D POCO_STATIC /D _UNICODE /D UNICODE /Gm- /EHsc /MD /GS /fp:precise /Zc:wchar_t /Zc:forScope /Fo"obj\Release\\" /Fd"obj\Release\vc100.pdb" /Gd /TP /analyze- /errorReport:prompt src\main.cpp src\testApp.cpp
         main.cpp
         testApp.cpp
         Generando código...
       Link:
         c:\Program Files (x86)\Microsoft Visual Studio 10.0\VC\bin\link.exe /ERRORREPORT:PROMPT /OUT:"bin\mierva.exe" /INCREMENTAL:NO /NOLOGO /LIBPATH:..\..\..\libs\glut\lib\vs2008 /LIBPATH:..\..\..\libs\rtAudio\lib\vs2008 /LIBPATH:..\..\..\libs\FreeImage\lib\vs2008 /LIBPATH:..\..\..\libs\freetype\lib\vs2008 /LIBPATH:..\..\..\libs\quicktime\lib\vs2008 /LIBPATH:..\..\..\libs\fmodex\lib\vs2008 /LIBPATH:..\..\..\libs\videoInput\lib\vs2008 /LIBPATH:..\..\..\libs\glee\lib\vs2008 /LIBPATH:..\..\..\libs\glu\lib\vs2008 /LIBPATH:..\..\..\libs\Poco\lib\vs2008 /LIBPATH:..\..\..\libs\openFrameworksCompiled\lib\vs2008 openframeworksLib.lib OpenGL32.lib GLu32.lib kernel32.lib setupapi.lib glut32.lib rtAudio.lib videoInput.lib libfreetype.lib FreeImage.lib qtmlClient.lib dsound.lib user32.lib gdi32.lib winspool.lib comdlg32.lib advapi32.lib shell32.lib ole32.lib oleaut32.lib uuid.lib GLee.lib fmodex_vc.lib glu32.lib PocoFoundationmt.lib PocoNetmt.lib PocoUtilmt.lib PocoXMLmt.lib Ws2_32.lib ..\..\..\addons\ofxOpenCv\libs\opencv\lib\vs2008\cv110.lib ..\..\..\addons\ofxOpenCv\libs\opencv\lib\vs2008\cvaux110.lib ..\..\..\addons\ofxOpenCv\libs\opencv\lib\vs2008\cxcore110.lib ..\..\..\addons\ofxOsc\libs\oscpack\lib\vs2008\oscpack.lib kernel32.lib user32.lib gdi32.lib winspool.lib comdlg32.lib advapi32.lib shell32.lib ole32.lib oleaut32.lib uuid.lib odbc32.lib odbccp32.lib /NODEFAULTLIB:atlthunk.lib /NODEFAULTLIB:LIBC.lib /NODEFAULTLIB:LIBCMT /MANIFEST /ManifestFile:"obj\Release\mierva.exe.intermediate.manifest" /MANIFESTUAC:"level='asInvoker' uiAccess='false'" /PDB:"J:\OF\apps\Meus\Minerva\bin\mierva.pdb" /SUBSYSTEM:CONSOLE /OPT:REF /OPT:ICF /LTCG /TLBID:1 /DYNAMICBASE:NO /IMPLIB:"bin\mierva.lib" /MACHINE:X86 obj\Release\ofxDirList.obj
         obj\Release\ofxGui.obj
         obj\Release\ofxGuiButton.obj
         obj\Release\ofxGuiColor.obj
         obj\Release\ofxGuiFiles.obj
         obj\Release\ofxGuiGlobals.obj
         obj\Release\ofxGuiKnob.obj
         obj\Release\ofxGuiMatrix.obj
         obj\Release\ofxGuiMovable.obj
         obj\Release\ofxGuiObject.obj
         obj\Release\ofxGuiPanel.obj
         obj\Release\ofxGuiPoints.obj
         obj\Release\ofxGuiRadar.obj
         obj\Release\ofxGuiScope.obj
         obj\Release\ofxGuiSlider.obj
         obj\Release\ofxGuiSwitch.obj
         obj\Release\ofxGuiXYPad.obj
         obj\Release\tinyxml.obj
         obj\Release\tinyxmlerror.obj
         obj\Release\tinyxmlparser.obj
         obj\Release\ofxXmlSettings.obj
         obj\Release\main.obj
         obj\Release\testApp.obj
         obj\Release\ofxTCPClient.obj
         obj\Release\ofxTCPManager.obj
         obj\Release\ofxTCPServer.obj
         obj\Release\ofxUDPManager.obj
         obj\Release\ofxThread.obj
         J:\OF\libs\openFrameworksCompiled\lib\vs2008\openframeworksLib.lib
         LINK : se especificó /LTCG pero no se requiere generación de código; quite /LTCG de la línea de comandos de vínculo para mejorar el rendimiento del vinculador
         networkTcpClientExample.vcxproj -> J:\OF\apps\Meus\Minerva\bin\mierva.exe
       Manifest:
         c:\Program Files (x86)\Microsoft SDKs\Windows\v7.0A\bin\mt.exe /nologo /verbose /outputresource:"bin\mierva.exe;#1" /manifest obj\Release\mierva.exe.intermediate.manifest
       PostBuildEvent:
         Description: adding DLLs and creating data folder
         xcopy /e /i /y "J:\OF\apps\Meus\Minerva\\..\..\..\export\vs2008\*.dll" "J:\OF\apps\Meus\Minerva\\bin"
         if not exist "J:\OF\apps\Meus\Minerva\\bin\data" mkdir  "J:\OF\apps\Meus\Minerva\\bin\data"
         
         
         :VCEnd
         J:\OF\apps\Meus\Minerva\\..\..\..\export\vs2008\fmodex.dll
         J:\OF\apps\Meus\Minerva\\..\..\..\export\vs2008\fmodexL.dll
         J:\OF\apps\Meus\Minerva\\..\..\..\export\vs2008\FreeImage.dll
         J:\OF\apps\Meus\Minerva\\..\..\..\export\vs2008\FreeType-6.dll
         J:\OF\apps\Meus\Minerva\\..\..\..\export\vs2008\glut32.dll
         J:\OF\apps\Meus\Minerva\\..\..\..\export\vs2008\Zlib.dll
         6 archivo(s) copiado(s)
       FinalizeBuildStatus:
         Se eliminará el archivo "obj\Release\mierva.unsuccessfulbuild".
         Aplicando tarea Touch a "obj\Release\mierva.lastbuildstate".
     1>Compilación del proyecto terminada "J:\OF\apps\Meus\Minerva\networkTcpClientExample.vcxproj" (build destinos).

Compilación correcta.

Tiempo transcurrido 00:00:20.18
